# JRE version: Java(TM) SE Runtime Environment (8.0_11-b12) (build 1.8.0_11-b12)
# Java VM: Java HotSpot(TM) 64-Bit Server VM (25.11-b03 mixed mode bsd-amd64 compressed oops)
Heap:
 PSYoungGen      total 36352K, used 6327K [0x0000000795580000, 0x0000000798100000, 0x00000007c0000000)
  eden space 32256K, 12% used [0x0000000795580000,0x0000000795995da8,0x0000000797500000)
  from space 4096K, 52% used [0x0000000797d00000,0x0000000797f18000,0x0000000798100000)
  to   space 6144K, 0% used [0x0000000797500000,0x0000000797500000,0x0000000797b00000)
 ParOldGen       total 19968K, used 14476K [0x0000000740000000, 0x0000000741380000, 0x0000000795580000)
  object space 19968K, 72% used [0x0000000740000000,0x0000000740e23170,0x0000000741380000)
 Metaspace       used 21853K, capacity 22106K, committed 22272K, reserved 1069056K
  class space    used 2975K, capacity 3027K, committed 3072K, reserved 1048576K
GC Heap History (10 events):
Event: 11.024 GC heap before
{Heap before GC invocations=11 (full 0):
 PSYoungGen      total 16384K, used 15360K [0x0000000795580000, 0x0000000796880000, 0x00000007c0000000)
  eden space 13312K, 100% used [0x0000000795580000,0x0000000796280000,0x0000000796280000)
  from space 3072K, 66% used [0x0000000796580000,0x0000000796780000,0x0000000796880000)
  to   space 3072K, 0% used [0x0000000796280000,0x0000000796280000,0x0000000796580000)
 ParOldGen       total 129536K, used 3235K [0x0000000740000000, 0x0000000747e80000, 0x0000000795580000)
  object space 129536K, 2% used [0x0000000740000000,0x0000000740328e40,0x0000000747e80000)
 Metaspace       used 17704K, capacity 17926K, committed 18176K, reserved 1064960K
  class space    used 2478K, capacity 2539K, committed 2560K, reserved 1048576K
Event: 11.030 GC heap after
Heap after GC invocations=11 (full 0):
 PSYoungGen      total 16384K, used 2356K [0x0000000795580000, 0x0000000797180000, 0x00000007c0000000)
  eden space 13312K, 0% used [0x0000000795580000,0x0000000795580000,0x0000000796280000)
  from space 3072K, 76% used [0x0000000796280000,0x00000007964cd010,0x0000000796580000)
  to   space 3584K, 0% used [0x0000000796e00000,0x0000000796e00000,0x0000000797180000)
 ParOldGen       total 129536K, used 6614K [0x0000000740000000, 0x0000000747e80000, 0x0000000795580000)
  object space 129536K, 5% used [0x0000000740000000,0x0000000740675ba8,0x0000000747e80000)
 Metaspace       used 17704K, capacity 17926K, committed 18176K, reserved 1064960K
  class space    used 2478K, capacity 2539K, committed 2560K, reserved 1048576K
}
Event: 11.406 GC heap before
{Heap before GC invocations=12 (full 0):
 PSYoungGen      total 16384K, used 15668K [0x0000000795580000, 0x0000000797180000, 0x00000007c0000000)
  eden space 13312K, 100% used [0x0000000795580000,0x0000000796280000,0x0000000796280000)
  from space 3072K, 76% used [0x0000000796280000,0x00000007964cd010,0x0000000796580000)
  to   space 3584K, 0% used [0x0000000796e00000,0x0000000796e00000,0x0000000797180000)
 ParOldGen       total 129536K, used 6614K [0x0000000740000000, 0x0000000747e80000, 0x0000000795580000)
  object space 129536K, 5% used [0x0000000740000000,0x0000000740675ba8,0x0000000747e80000)
 Metaspace       used 19376K, capacity 19616K, committed 19712K, reserved 1067008K
  class space    used 2749K, capacity 2810K, committed 2816K, reserved 1048576K
Event: 11.414 GC heap after
Heap after GC invocations=12 (full 0):
 PSYoungGen      total 24576K, used 3584K [0x0000000795580000, 0x0000000797280000, 0x00000007c0000000)
  eden space 20992K, 0% used [0x0000000795580000,0x0000000795580000,0x0000000796a00000)
  from space 3584K, 100% used [0x0000000796e00000,0x0000000797180000,0x0000000797180000)
  to   space 4096K, 0% used [0x0000000796a00000,0x0000000796a00000,0x0000000796e00000)
 ParOldGen       total 129536K, used 8854K [0x0000000740000000, 0x0000000747e80000, 0x0000000795580000)
  object space 129536K, 6% used [0x0000000740000000,0x00000007408a5bc8,0x0000000747e80000)
 Metaspace       used 19376K, capacity 19616K, committed 19712K, reserved 1067008K
  class space    used 2749K, capacity 2810K, committed 2816K, reserved 1048576K
}
Event: 69.612 GC heap before
{Heap before GC invocations=13 (full 0):
 PSYoungGen      total 24576K, used 24576K [0x0000000795580000, 0x0000000797280000, 0x00000007c0000000)
  eden space 20992K, 100% used [0x0000000795580000,0x0000000796a00000,0x0000000796a00000)
  from space 3584K, 100% used [0x0000000796e00000,0x0000000797180000,0x0000000797180000)
  to   space 4096K, 0% used [0x0000000796a00000,0x0000000796a00000,0x0000000796e00000)
 ParOldGen       total 129536K, used 8854K [0x0000000740000000, 0x0000000747e80000, 0x0000000795580000)
  object space 129536K, 6% used [0x0000000740000000,0x00000007408a5bc8,0x0000000747e80000)
 Metaspace       used 20832K, capacity 21048K, committed 21248K, reserved 1067008K
  class space    used 2859K, capacity 2948K, committed 3072K, reserved 1048576K
Event: 69.625 GC heap after
Heap after GC invocations=13 (full 0):
 PSYoungGen      total 25088K, used 4066K [0x0000000795580000, 0x0000000798380000, 0x00000007c0000000)
  eden space 20992K, 0% used [0x0000000795580000,0x0000000795580000,0x0000000796a00000)
  from space 4096K, 99% used [0x0000000796a00000,0x0000000796df89b8,0x0000000796e00000)
  to   space 6656K, 0% used [0x0000000797d00000,0x0000000797d00000,0x0000000798380000)
 ParOldGen       total 129536K, used 14366K [0x0000000740000000, 0x0000000747e80000, 0x0000000795580000)
  object space 129536K, 11% used [0x0000000740000000,0x0000000740e07bc8,0x0000000747e80000)
 Metaspace       used 20832K, capacity 21048K, committed 21248K, reserved 1067008K
  class space    used 2859K, capacity 2948K, committed 3072K, reserved 1048576K
}
Event: 69.625 GC heap before
{Heap before GC invocations=14 (full 1):
 PSYoungGen      total 25088K, used 4066K [0x0000000795580000, 0x0000000798380000, 0x00000007c0000000)
  eden space 20992K, 0% used [0x0000000795580000,0x0000000795580000,0x0000000796a00000)
  from space 4096K, 99% used [0x0000000796a00000,0x0000000796df89b8,0x0000000796e00000)
  to   space 6656K, 0% used [0x0000000797d00000,0x0000000797d00000,0x0000000798380000)
 ParOldGen       total 129536K, used 14366K [0x0000000740000000, 0x0000000747e80000, 0x0000000795580000)
  object space 129536K, 11% used [0x0000000740000000,0x0000000740e07bc8,0x0000000747e80000)
 Metaspace       used 20832K, capacity 21048K, committed 21248K, reserved 1067008K
  class space    used 2859K, capacity 2948K, committed 3072K, reserved 1048576K
Event: 69.718 GC heap after
Heap after GC invocations=14 (full 1):
 PSYoungGen      total 25088K, used 0K [0x0000000795580000, 0x0000000798380000, 0x00000007c0000000)
  eden space 20992K, 0% used [0x0000000795580000,0x0000000795580000,0x0000000796a00000)
  from space 4096K, 0% used [0x0000000796a00000,0x0000000796a00000,0x0000000796e00000)
  to   space 6656K, 0% used [0x0000000797d00000,0x0000000797d00000,0x0000000798380000)
 ParOldGen       total 19968K, used 14468K [0x0000000740000000, 0x0000000741380000, 0x0000000795580000)
  object space 19968K, 72% used [0x0000000740000000,0x0000000740e21170,0x0000000741380000)
 Metaspace       used 20832K, capacity 21048K, committed 21248K, reserved 1067008K
  class space    used 2859K, capacity 2948K, committed 3072K, reserved 1048576K
}
Event: 125.718 GC heap before
{Heap before GC invocations=15 (full 1):
 PSYoungGen      total 25088K, used 20992K [0x0000000795580000, 0x0000000798380000, 0x00000007c0000000)
  eden space 20992K, 100% used [0x0000000795580000,0x0000000796a00000,0x0000000796a00000)
  from space 4096K, 0% used [0x0000000796a00000,0x0000000796a00000,0x0000000796e00000)
  to   space 6656K, 0% used [0x0000000797d00000,0x0000000797d00000,0x0000000798380000)
 ParOldGen       total 19968K, used 14468K [0x0000000740000000, 0x0000000741380000, 0x0000000795580000)
  object space 19968K, 72% used [0x0000000740000000,0x0000000740e21170,0x0000000741380000)
 Metaspace       used 21840K, capacity 22106K, committed 22272K, reserved 1069056K
  class space    used 2973K, capacity 3027K, committed 3072K, reserved 1048576K
Event: 125.722 GC heap after
Heap after GC invocations=15 (full 1):
 PSYoungGen      total 36352K, used 2144K [0x0000000795580000, 0x0000000798100000, 0x00000007c0000000)
  eden space 32256K, 0% used [0x0000000795580000,0x0000000795580000,0x0000000797500000)
  from space 4096K, 52% used [0x0000000797d00000,0x0000000797f18000,0x0000000798100000)
  to   space 6144K, 0% used [0x0000000797500000,0x0000000797500000,0x0000000797b00000)
 ParOldGen       total 19968K, used 14476K [0x0000000740000000, 0x0000000741380000, 0x0000000795580000)
  object space 19968K, 72% used [0x0000000740000000,0x0000000740e23170,0x0000000741380000)
 Metaspace       used 21840K, capacity 22106K, committed 22272K, reserved 1069056K
  class space    used 2973K, capacity 3027K, committed 3072K, reserved 1048576K
}

